2024-11-05 16:25:41,702 - INFO - main_driver.py:245 - Start run for network yolov8n ...
2024-11-05 16:25:41,703 - INFO - main_driver.py:247 - Initializing the hailo8 runner...
2024-11-05 16:46:25,272 - INFO - main_driver.py:245 - Start run for network yolov8n ...
2024-11-05 16:46:25,273 - INFO - main_driver.py:247 - Initializing the hailo8 runner...
2024-11-05 16:52:03,824 - INFO - main_driver.py:245 - Start run for network yolov8n ...
2024-11-05 16:52:03,825 - INFO - main_driver.py:247 - Initializing the hailo8 runner...
2024-11-05 16:52:32,164 - INFO - main_driver.py:245 - Start run for network yolov8n ...
2024-11-05 16:52:32,164 - INFO - main_driver.py:247 - Initializing the hailo8l runner...
2024-11-05 16:52:58,893 - INFO - main_driver.py:245 - Start run for network yolov8n ...
2024-11-05 16:52:58,893 - INFO - main_driver.py:247 - Initializing the hailo8l runner...
2024-11-05 16:56:26,402 - INFO - main_driver.py:245 - Start run for network yolov8n ...
2024-11-05 16:56:26,403 - INFO - main_driver.py:247 - Initializing the hailo8l runner...
2024-11-05 17:31:08,615 - INFO - main_driver.py:245 - Start run for network yolov8n ...
2024-11-05 17:31:08,616 - INFO - main_driver.py:247 - Initializing the hailo8 runner...
2024-11-05 18:22:25,569 - INFO - main_driver.py:245 - Start run for network yolov8n ...
2024-11-05 18:22:25,570 - INFO - main_driver.py:247 - Initializing the hailo8 runner...
2024-11-06 00:26:13,482 - INFO - main_driver.py:245 - Start run for network yolov8n ...
2024-11-06 00:26:13,483 - INFO - main_driver.py:247 - Initializing the hailo8l runner...
2024-11-06 00:26:42,052 - INFO - main_driver.py:245 - Start run for network yolov8n ...
2024-11-06 00:26:42,052 - INFO - main_driver.py:247 - Initializing the hailo8l runner...
2024-11-06 00:26:43,991 - INFO - main_driver.py:44 - Using generic alls script found in /home/grace/hailo_model_zoo/hailo_model_zoo/cfg/alls/generic/yolov8n.alls because there is no specific hardware alls
2024-11-06 00:26:43,991 - INFO - main_utils.py:281 - Preparing calibration data...
2024-11-06 00:38:40,338 - INFO - main_driver.py:210 - Start run for network yolov8n ...
2024-11-06 00:38:40,339 - INFO - main_driver.py:215 - Initializing the hailo8 runner...
2024-11-06 00:39:34,220 - INFO - main_driver.py:245 - Start run for network yolov8n ...
2024-11-06 00:39:34,221 - INFO - main_driver.py:247 - Initializing the hailo8 runner...
2024-11-06 00:39:36,019 - INFO - main_driver.py:44 - Using generic alls script found in /home/grace/hailo_model_zoo/hailo_model_zoo/cfg/alls/generic/yolov8n.alls because there is no specific hardware alls
2024-11-06 00:39:36,019 - INFO - main_utils.py:281 - Preparing calibration data...
2024-11-06 00:40:17,000 - INFO - main_driver.py:44 - Using generic alls script found in /home/grace/hailo_model_zoo/hailo_model_zoo/cfg/alls/generic/yolov8n.alls because there is no specific hardware alls
2024-11-06 00:52:34,545 - INFO - main_driver.py:258 - HEF file written to yolov8n.hef
2024-11-06 15:08:02,798 - INFO - main_driver.py:245 - Start run for network yolov8n ...
2024-11-06 15:08:02,799 - INFO - main_driver.py:247 - Initializing the hailo8l runner...
2024-11-06 15:08:04,513 - INFO - main_driver.py:44 - Using generic alls script found in /home/grace/hailo_model_zoo/hailo_model_zoo/cfg/alls/generic/yolov8n.alls because there is no specific hardware alls
2024-11-06 15:08:04,513 - INFO - main_utils.py:281 - Preparing calibration data...
2024-11-06 15:08:48,305 - INFO - main_driver.py:44 - Using generic alls script found in /home/grace/hailo_model_zoo/hailo_model_zoo/cfg/alls/generic/yolov8n.alls because there is no specific hardware alls
2024-11-06 15:54:35,176 - INFO - main_driver.py:258 - HEF file written to yolov8n.hef
